<?xml version="1.0" encoding="UTF-8"?>
<testng-results skipped="0" failed="0" ignored="0" total="1" passed="1">
  <reporter-output>
  </reporter-output>
  <suite name="Default suite" duration-ms="30473" started-at="2019-07-05T08:46:53Z" finished-at="2019-07-05T08:47:23Z">
    <groups>
    </groups>
    <test name="Default test" duration-ms="30473" started-at="2019-07-05T08:46:53Z" finished-at="2019-07-05T08:47:23Z">
      <class name="com.sele.testng.ScenarioPart2">
        <test-method status="PASS" signature="f()[pri:0, instance:com.sele.testng.ScenarioPart2@1593948d]" name="f" duration-ms="30436" started-at="2019-07-05T08:46:53Z" finished-at="2019-07-05T08:47:23Z">
          <reporter-output>
          </reporter-output>
        </test-method> <!-- f -->
      </class> <!-- com.sele.testng.ScenarioPart2 -->
    </test> <!-- Default test -->
  </suite> <!-- Default suite -->
</testng-results>
